<?xml version="1.0" encoding="UTF-8"?>
<testng-results skipped="0" failed="0" total="4" passed="4">
  <reporter-output>
  </reporter-output>
  <suite name="RDMF Testing" duration-ms="48299" started-at="2018-05-17T22:46:53Z" finished-at="2018-05-17T22:47:41Z">
    <groups>
    </groups>
    <test name="RDMF City Search Test" duration-ms="48299" started-at="2018-05-17T22:46:53Z" finished-at="2018-05-17T22:47:41Z">
      <class name="RDMFZipLookup">
        <test-method status="PASS" signature="setUp()[pri:0, instance:RDMFZipLookup@3b81a1bc]" name="setUp" is-config="true" duration-ms="1385" started-at="2018-05-17T18:46:53Z" finished-at="2018-05-17T18:46:55Z">
          <reporter-output>
          </reporter-output>
        </test-method> <!-- setUp -->
        <test-method status="PASS" signature="testRDMFMgmtLookup()[pri:0, instance:RDMFZipLookup@3b81a1bc]" name="testRDMFMgmtLookup" duration-ms="12408" started-at="2018-05-17T18:46:55Z" finished-at="2018-05-17T18:47:07Z">
          <reporter-output>
          </reporter-output>
        </test-method> <!-- testRDMFMgmtLookup -->
        <test-method status="PASS" signature="testRDMFPropertyLookup()[pri:0, instance:RDMFZipLookup@3b81a1bc]" name="testRDMFPropertyLookup" duration-ms="11589" started-at="2018-05-17T18:47:07Z" finished-at="2018-05-17T18:47:19Z">
          <reporter-output>
          </reporter-output>
        </test-method> <!-- testRDMFPropertyLookup -->
        <test-method status="PASS" signature="testRDMFTownLookup()[pri:0, instance:RDMFZipLookup@3b81a1bc]" name="testRDMFTownLookup" duration-ms="11986" started-at="2018-05-17T18:47:19Z" finished-at="2018-05-17T18:47:31Z">
          <reporter-output>
          </reporter-output>
        </test-method> <!-- testRDMFTownLookup -->
        <test-method status="PASS" signature="testRDMFZipLookup()[pri:0, instance:RDMFZipLookup@3b81a1bc]" name="testRDMFZipLookup" duration-ms="10862" started-at="2018-05-17T18:47:31Z" finished-at="2018-05-17T18:47:41Z">
          <reporter-output>
          </reporter-output>
        </test-method> <!-- testRDMFZipLookup -->
        <test-method status="PASS" signature="tearDown()[pri:0, instance:RDMFZipLookup@3b81a1bc]" name="tearDown" is-config="true" duration-ms="62" started-at="2018-05-17T18:47:41Z" finished-at="2018-05-17T18:47:41Z">
          <reporter-output>
          </reporter-output>
        </test-method> <!-- tearDown -->
      </class> <!-- RDMFZipLookup -->
    </test> <!-- RDMF City Search Test -->
  </suite> <!-- RDMF Testing -->
</testng-results>
