<?xml version="1.0" encoding="UTF-8"?>
<testsuite xmlns:xsi="http://www.w3.org/2001/XMLSchema-instance" xsi:noNamespaceSchemaLocation="https://maven.apache.org/surefire/maven-surefire-plugin/xsd/surefire-test-report.xsd" name="TestSuite" time="48.531" tests="4" errors="0" skipped="0" failures="0">
  <properties>
[...]
</properties>
  <testcase name="testRDMFMgmtLookup" classname="RDMFZipLookup" time="12.41"/>
  <testcase name="testRDMFPropertyLookup" classname="RDMFZipLookup" time="11.587"/>
  <testcase name="testRDMFTownLookup" classname="RDMFZipLookup" time="11.987"/>
  <testcase name="testRDMFZipLookup" classname="RDMFZipLookup" time="10.862"/>
</testsuite>